<?xml version="1.0" encoding="UTF-8"?>
<testng-results skipped="0" failed="0" ignored="0" total="1" passed="1">
  <reporter-output>
    <line>
      <![CDATA[Application Lunched]]>
    </line>
    <line>
      <![CDATA[Url passed]]>
    </line>
    <line>
      <![CDATA[LoggedIn successFully]]>
    </line>
    <line>
      <![CDATA[LoggedOut successFully]]>
    </line>
    <line>
      <![CDATA[Browser closed successFully]]>
    </line>
  </reporter-output>
  <suite name="Default suite" duration-ms="38360" started-at="2017-09-22T17:31:03Z" finished-at="2017-09-22T17:31:41Z">
    <groups>
    </groups>
    <test name="Default test" duration-ms="38360" started-at="2017-09-22T17:31:03Z" finished-at="2017-09-22T17:31:41Z">
      <class name="testNgScript.LoginTest">
        <test-method status="PASS" signature="preTest()[pri:0, instance:testNgScript.LoginTest@18be83e4]" name="preTest" is-config="true" duration-ms="14360" started-at="2017-09-22T23:01:03Z" finished-at="2017-09-22T23:01:17Z">
          <reporter-output>
            <line>
              <![CDATA[Application Lunched]]>
            </line>
            <line>
              <![CDATA[Url passed]]>
            </line>
          </reporter-output>
        </test-method> <!-- preTest -->
        <test-method status="PASS" signature="f()[pri:0, instance:testNgScript.LoginTest@18be83e4]" name="f" duration-ms="14192" started-at="2017-09-22T23:01:17Z" finished-at="2017-09-22T23:01:32Z">
          <reporter-output>
            <line>
              <![CDATA[LoggedIn successFully]]>
            </line>
            <line>
              <![CDATA[LoggedOut successFully]]>
            </line>
          </reporter-output>
        </test-method> <!-- f -->
        <test-method status="PASS" signature="postTest()[pri:0, instance:testNgScript.LoginTest@18be83e4]" name="postTest" is-config="true" duration-ms="2021" started-at="2017-09-22T23:01:39Z" finished-at="2017-09-22T23:01:41Z">
          <reporter-output>
            <line>
              <![CDATA[Browser closed successFully]]>
            </line>
          </reporter-output>
        </test-method> <!-- postTest -->
      </class> <!-- testNgScript.LoginTest -->
    </test> <!-- Default test -->
  </suite> <!-- Default suite -->
</testng-results>
